Using pre-set license
Built from '2020.3/release' branch; Version is '2020.3.27f1 (e759542391ea) revision 15161684'; Using compiler version '192528614'; Build Type 'Release'
OS: 'Windows 10  (10.0.19044) 64bit Enterprise' Language: 'en' Physical Memory: 32678 MB
BatchMode: 1, IsHumanControllingUs: 0, StartBugReporterOnCrash: 0, Is64bit: 1, IsPro: 0

COMMAND LINE ARGUMENTS:
C:\Program Files\Unity 2020.3.27f1\Editor\Unity.exe
-adb2
-batchMode
-noUpm
-name
AssetImportWorker0
-projectPath
C:/Users/lmueck/Documents/GitHub/GameMaterial/GameMaterial/Scripting
-logFile
Logs/AssetImportWorker0.log
-srvPort
65073
Successfully changed project path to: C:/Users/lmueck/Documents/GitHub/GameMaterial/GameMaterial/Scripting
C:/Users/lmueck/Documents/GitHub/GameMaterial/GameMaterial/Scripting
Using Asset Import Pipeline V2.
Refreshing native plugins compatible for Editor in 33.15 ms, found 2 plugins.
Preloading 0 native plugins for Editor in 0.00 ms.
Initialize engine version: 2020.3.27f1 (e759542391ea)
[Subsystems] Discovering subsystems at path C:/Program Files/Unity 2020.3.27f1/Editor/Data/Resources/UnitySubsystems
[Subsystems] Discovering subsystems at path C:/Users/lmueck/Documents/GitHub/GameMaterial/GameMaterial/Scripting/Assets
GfxDevice: creating device client; threaded=0
Direct3D:
    Version:  Direct3D 11.0 [level 11.1]
    Renderer: NVIDIA Quadro P600 (ID=0x1cb2)
    Vendor:   
    VRAM:     1981 MB
    Driver:   26.21.14.3086
Initialize mono
Mono path[0] = 'C:/Program Files/Unity 2020.3.27f1/Editor/Data/Managed'
Mono path[1] = 'C:/Program Files/Unity 2020.3.27f1/Editor/Data/MonoBleedingEdge/lib/mono/unityjit'
Mono config path = 'C:/Program Files/Unity 2020.3.27f1/Editor/Data/MonoBleedingEdge/etc'
Using monoOptions --debugger-agent=transport=dt_socket,embedding=1,server=y,suspend=n,address=127.0.0.1:56284
Begin MonoManager ReloadAssembly
Registering precompiled unity dll's ...
Register platform support module: C:/Program Files/Unity 2020.3.27f1/Editor/Data/PlaybackEngines/WebGLSupport/UnityEditor.WebGL.Extensions.dll
Register platform support module: C:/Program Files/Unity 2020.3.27f1/Editor/Data/PlaybackEngines/MacStandaloneSupport/UnityEditor.OSXStandalone.Extensions.dll
Register platform support module: C:/Program Files/Unity 2020.3.27f1/Editor/Data/PlaybackEngines/WindowsStandaloneSupport/UnityEditor.WindowsStandalone.Extensions.dll
Registered in 0.003260 seconds.
Native extension for WindowsStandalone target not found
Native extension for OSXStandalone target not found
Native extension for WebGL target not found
Refreshing native plugins compatible for Editor in 30.40 ms, found 2 plugins.
Preloading 0 native plugins for Editor in 0.00 ms.
Mono: successfully reloaded assembly
- Completed reload, in  0.595 seconds
Domain Reload Profiling:
	ReloadAssembly (595ms)
		BeginReloadAssembly (69ms)
			ExecutionOrderSort (0ms)
			DisableScriptedObjects (0ms)
			BackupInstance (0ms)
			ReleaseScriptingObjects (0ms)
			CreateAndSetChildDomain (1ms)
		EndReloadAssembly (452ms)
			LoadAssemblies (67ms)
			RebuildTransferFunctionScriptingTraits (0ms)
			SetupTypeCache (159ms)
			ReleaseScriptCaches (0ms)
			RebuildScriptCaches (31ms)
			SetupLoadedEditorAssemblies (160ms)
				LogAssemblyErrors (0ms)
				InitializePlatformSupportModulesInManaged (6ms)
				SetLoadedEditorAssemblies (0ms)
				RefreshPlugins (30ms)
				BeforeProcessingInitializeOnLoad (17ms)
				ProcessInitializeOnLoadAttributes (79ms)
				ProcessInitializeOnLoadMethodAttributes (27ms)
				AfterProcessingInitializeOnLoad (0ms)
				EditorAssembliesLoaded (0ms)
			ExecutionOrderSort2 (0ms)
			AwakeInstancesAfterBackupRestoration (0ms)
Platform modules already initialized, skipping
Registering precompiled user dll's ...
Registered in 0.005516 seconds.
Begin MonoManager ReloadAssembly
Native extension for WindowsStandalone target not found
Native extension for OSXStandalone target not found
Native extension for WebGL target not found
Refreshing native plugins compatible for Editor in 0.33 ms, found 2 plugins.
Preloading 0 native plugins for Editor in 0.00 ms.
Mono: successfully reloaded assembly
- Completed reload, in  1.033 seconds
Domain Reload Profiling:
	ReloadAssembly (1034ms)
		BeginReloadAssembly (155ms)
			ExecutionOrderSort (0ms)
			DisableScriptedObjects (4ms)
			BackupInstance (0ms)
			ReleaseScriptingObjects (0ms)
			CreateAndSetChildDomain (19ms)
		EndReloadAssembly (816ms)
			LoadAssemblies (102ms)
			RebuildTransferFunctionScriptingTraits (0ms)
			SetupTypeCache (274ms)
			ReleaseScriptCaches (0ms)
			RebuildScriptCaches (42ms)
			SetupLoadedEditorAssemblies (309ms)
				LogAssemblyErrors (0ms)
				InitializePlatformSupportModulesInManaged (6ms)
				SetLoadedEditorAssemblies (0ms)
				RefreshPlugins (0ms)
				BeforeProcessingInitializeOnLoad (81ms)
				ProcessInitializeOnLoadAttributes (204ms)
				ProcessInitializeOnLoadMethodAttributes (9ms)
				AfterProcessingInitializeOnLoad (8ms)
				EditorAssembliesLoaded (0ms)
			ExecutionOrderSort2 (0ms)
			AwakeInstancesAfterBackupRestoration (7ms)
Platform modules already initialized, skipping
========================================================================
Worker process is ready to serve import requests
Launched and connected shader compiler UnityShaderCompiler.exe after 0.05 seconds
Refreshing native plugins compatible for Editor in 0.32 ms, found 2 plugins.
Preloading 0 native plugins for Editor in 0.00 ms.
Unloading 1513 Unused Serialized files (Serialized files now loaded: 0)
System memory in use before: 69.9 MB.
System memory in use after: 70.0 MB.

Unloading 19 unused Assets to reduce memory usage. Loaded Objects now: 1948.
Total: 2.580400 ms (FindLiveObjects: 0.147300 ms CreateObjectMapping: 0.047500 ms MarkObjects: 2.314800 ms  DeleteObjects: 0.069600 ms)

AssetImportParameters requested are different than current active one (requested -> active):
  custom:framework-win-MediaFoundation: 216162199b28c13a410421893ffa2e32 -> 
  custom:video-decoder-ogg-theora: a1e56fd34408186e4bbccfd4996cb3dc -> 
  custom:container-muxer-webm: aa71ff27fc2769a1b78a27578f13a17b -> 
  custom:container-demuxer-webm: 4f35f7cbe854078d1ac9338744f61a02 -> 
  custom:container-demuxer-ogg: 62fdf1f143b41e24485cea50d1cbac27 -> 
  custom:video-encoder-webm-vp8: eb34c28f22e8b96e1ab97ce403110664 -> 
  custom:video-decoder-webm-vp8: 9c59270c3fd7afecdb556c50c9e8de78 -> 
  custom:audio-decoder-ogg-vorbis: bf7c407c2cedff20999df2af8eb42d56 -> 
  custom:audio-encoder-webm-vorbis: bf7c407c2cedff20999df2af8eb42d56 -> 
========================================================================
Received Import Request.
  path: Assets/Scripts/MaterialPulse.cs
  artifactKey: Guid(89f8b5e893eb4894899aded74304b7a3) Importer(815301076,1909f56bfc062723c751e8b465ee728b)
Start importing Assets/Scripts/MaterialPulse.cs using Guid(89f8b5e893eb4894899aded74304b7a3) Importer(815301076,1909f56bfc062723c751e8b465ee728b)  -> (artifact id: '64249f6c892707d471732bfede326b76') in 0.037610 seconds 
  Import took 0.039843 seconds .

========================================================================
Received Import Request.
  Time since last request: 0.120958 seconds.
  path: Assets/_Scenes/3rdPersonPlatformer.unity
  artifactKey: Guid(a0412fe4f55351e4ab85ffee3a8757e0) Importer(815301076,1909f56bfc062723c751e8b465ee728b)
Start importing Assets/_Scenes/3rdPersonPlatformer.unity using Guid(a0412fe4f55351e4ab85ffee3a8757e0) Importer(815301076,1909f56bfc062723c751e8b465ee728b)  -> (artifact id: '38edc49df95664678e8c2df84760d6ae') in 0.010615 seconds 
  Import took 0.013097 seconds .

========================================================================
Received Import Request.
  Time since last request: 235.934193 seconds.
  path: Assets/gamematerial.unitypackage
  artifactKey: Guid(e93612fefdb0488419f720d7295e5526) Importer(815301076,1909f56bfc062723c751e8b465ee728b)
Start importing Assets/gamematerial.unitypackage using Guid(e93612fefdb0488419f720d7295e5526) Importer(815301076,1909f56bfc062723c751e8b465ee728b)  -> (artifact id: '03af1d307174e2073b8258767e57ca21') in 0.024408 seconds 
  Import took 0.027925 seconds .

========================================================================
Received Import Request.
  Time since last request: 236.360484 seconds.
  path: Assets/gamematerial.unitypackage
  artifactKey: Guid(e93612fefdb0488419f720d7295e5526) Importer(815301076,1909f56bfc062723c751e8b465ee728b)
Start importing Assets/gamematerial.unitypackage using Guid(e93612fefdb0488419f720d7295e5526) Importer(815301076,1909f56bfc062723c751e8b465ee728b)  -> (artifact id: '00000000000000000000000000000000') in 5.172785 seconds  code(4) message(Build asset version error: assets/gamematerial.unitypackage in SourceAssetDB has modification time of '2022-02-09T05:31:45.5986632Z' while content on disk has modification time of '0001-01-01T00:00:00Z' with error code 2
Stacktrace:
0x00007ff7bc099bac (Unity) StackWalker::GetCurrentCallstack
0x00007ff7bc0a0fa9 (Unity) StackWalker::ShowCallstack
0x00007ff7bcdff26c (Unity) GetStacktrace
0x00007ff7bcf4bae7 (Unity) GetAssetHashAndValidate
0x00007ff7bcf46eb3 (Unity) AssetVersionBuilder::BuildHashOfSourceAssetArray
0x00007ff7bcf44e22 (Unity) AssetVersionBuilder::BuildAssetVersion
0x00007ff7bcf1f70d (Unity) CreateAssetVersionBuilder
0x00007ff7bcf25f45 (Unity) ImportToObjects
0x00007ff7bcf24d98 (Unity) ImportAsset
0x00007ff7bcebf0f8 (Unity) AssetImportWorker::Import
0x00007ff7bcee47da (Unity) <lambda_4a0f5575432e8e69ec585d1ca7897980>::operator()
0x00007ff7bcf6bee2 (Unity) asio::detail::completion_handler<core::mutable_function<void __cdecl(void)> >::do_complete
0x00007ff7bcf6e040 (Unity) asio::detail::win_iocp_io_service::do_one
0x00007ff7bcf717be (Unity) asio::io_service::run
0x00007ff7bcf0d4db (Unity) RunAssetImportWorkerClientV2
0x00007ff7bcf0d530 (Unity) RunAssetImporterV2
0x00007ff7bc9b3a89 (Unity) Application::InitializeProject
0x00007ff7bce09722 (Unity) WinMain
0x00007ff7be4995ce (Unity) __scrt_common_main_seh
0x00007ff8537b7034 (KERNEL32) BaseThreadInitThunk
0x00007ff854ac2651 (ntdll) RtlUserThreadStart
)
  ERROR: Build asset version error: assets/gamematerial.unitypackage in SourceAssetDB has modification time of '2022-02-09T05:31:45.5986632Z' while content on disk has modification time of '0001-01-01T00:00:00Z' with error code 2
Stacktrace:
0x00007ff7bc099bac (Unity) StackWalker::GetCurrentCallstack
0x00007ff7bc0a0fa9 (Unity) StackWalker::ShowCallstack
0x00007ff7bcdff26c (Unity) GetStacktrace
0x00007ff7bcf4bae7 (Unity) GetAssetHashAndValidate
0x00007ff7bcf46eb3 (Unity) AssetVersionBuilder::BuildHashOfSourceAssetArray
0x00007ff7bcf44e22 (Unity) AssetVersionBuilder::BuildAssetVersion
0x00007ff7bcf1f70d (Unity) CreateAssetVersionBuilder
0x00007ff7bcf25f45 (Unity) ImportToObjects
0x00007ff7bcf24d98 (Unity) ImportAsset
0x00007ff7bcebf0f8 (Unity) AssetImportWorker::Import
0x00007ff7bcee47da (Unity) <lambda_4a0f5575432e8e69ec585d1ca7897980>::operator()
0x00007ff7bcf6bee2 (Unity) asio::detail::completion_handler<core::mutable_function<void __cdecl(void)> >::do_complete
0x00007ff7bcf6e040 (Unity) asio::detail::win_iocp_io_service::do_one
0x00007ff7bcf717be (Unity) asio::io_service::run
0x00007ff7bcf0d4db (Unity) RunAssetImportWorkerClientV2
0x00007ff7bcf0d530 (Unity) RunAssetImporterV2
0x00007ff7bc9b3a89 (Unity) Application::InitializeProject
0x00007ff7bce09722 (Unity) WinMain
0x00007ff7be4995ce (Unity) __scrt_common_main_seh
0x00007ff8537b7034 (KERNEL32) BaseThreadInitThunk
0x00007ff854ac2651 (ntdll) RtlUserThreadStart

  Import took 5.176280 seconds .

